<?xml version="1.0" encoding="UTF-8"?>
<testsuites name="jest tests" tests="1" failures="0" errors="0" time="0.344">
  <testsuite name="undefined" errors="0" failures="0" skipped="0" timestamp="2024-04-14T18:13:30" time="0.275" tests="1">
    <testcase classname=" adds 1 + 2 to equal 3" name=" adds 1 + 2 to equal 3" time="0.002">
    </testcase>
  </testsuite>
</testsuites>